<?xml version="1.0" encoding="UTF-8"?>
<testsuite name="provided.TopKSortTests" tests="2" skipped="0" failures="0" errors="0" timestamp="2024-02-16T22:36:03" hostname="MATRIX" time="0.028">
  <properties/>
  <testcase name="test_sort_integerRandom_correctSort()" classname="provided.TopKSortTests" time="0.026"/>
  <testcase name="test_sort_integerSorted_correctSort()" classname="provided.TopKSortTests" time="0.002"/>
  <system-out><![CDATA[]]></system-out>
  <system-err><![CDATA[]]></system-err>
</testsuite>
